[debug] [2022-07-13T17:01:37.974Z] ----------------------------------------------------------------------
[debug] [2022-07-13T17:01:37.977Z] Command:       C:\Program Files\nodejs\node.exe C:\Users\Gbenga\AppData\Roaming\npm\node_modules\firebase-tools\lib\bin\firebase.js init hosting
[debug] [2022-07-13T17:01:37.978Z] CLI Version:   11.2.2
[debug] [2022-07-13T17:01:37.978Z] Platform:      win32
[debug] [2022-07-13T17:01:37.979Z] Node Version:  v16.14.2
[debug] [2022-07-13T17:01:37.981Z] Time:          Wed Jul 13 2022 13:01:37 GMT-0400 (Eastern Daylight Time)
[debug] [2022-07-13T17:01:37.981Z] ----------------------------------------------------------------------
[debug] 
[debug] [2022-07-13T17:01:37.998Z] > command requires scopes: ["email","openid","https://www.googleapis.com/auth/cloudplatformprojects.readonly","https://www.googleapis.com/auth/firebase","https://www.googleapis.com/auth/cloud-platform"]
[debug] [2022-07-13T17:01:37.999Z] > authorizing via signed-in user (gbenga.java@gmail.com)
[info] 
     ######## #### ########  ######## ########     ###     ######  ########
     ##        ##  ##     ## ##       ##     ##  ##   ##  ##       ##
     ######    ##  ########  ######   ########  #########  ######  ######
     ##        ##  ##    ##  ##       ##     ## ##     ##       ## ##
     ##       #### ##     ## ######## ########  ##     ##  ######  ########

You're about to initialize a Firebase project in this directory:

  C:\Users\Gbenga\Desktop\Angular Projects\lemon-mart

[info] 
=== Project Setup
[info] 
[info] First, let's associate this project directory with a Firebase project.
[info] You can create multiple project aliases by running firebase use --add, 
[info] but for now we'll just set up a default project.
[info] 
[debug] [2022-07-13T17:01:43.237Z] >>> [apiv2][query] GET https://firebase.googleapis.com/v1beta1/projects pageSize=100
[debug] [2022-07-13T17:01:43.614Z] <<< [apiv2][status] GET https://firebase.googleapis.com/v1beta1/projects 200
[debug] [2022-07-13T17:01:43.614Z] <<< [apiv2][body] GET https://firebase.googleapis.com/v1beta1/projects [omitted]
[info] i  Using project lemon-mart-acfdc (lemon-mart) 
[info] 
=== Hosting Setup
[info] 
[info] Your public directory is the folder (relative to your project directory) that
[info] will contain Hosting assets to be uploaded with firebase deploy. If you
[info] have a build process for your assets, use your build's output directory.
[info] 
[debug] [2022-07-13T17:02:18.982Z] >>> [apiv2][query] GET https://www.gstatic.com/firebasejs/releases.json [none]
[debug] [2022-07-13T17:02:19.125Z] <<< [apiv2][status] GET https://www.gstatic.com/firebasejs/releases.json 200
[debug] [2022-07-13T17:02:19.125Z] <<< [apiv2][body] GET https://www.gstatic.com/firebasejs/releases.json {"current":{"version":"9.9.0","browserURL":"https://www.gstatic.com/firebasejs/9.9.0/firebase.js","packageURL":"https://www.gstatic.com/firebasejs/9.9.0/firebase.tgz"},"live":{"version":"9.9","browserURL":"https://www.gstatic.com/firebasejs/live/9.9/firebase.js","packageURL":"https://www.gstatic.com/firebasejs/live/9.9/firebase.tgz"},"components":{"analytics":"https://www.gstatic.com/firebasejs/9.9.0/firebase-analytics.js","app":"https://www.gstatic.com/firebasejs/9.9.0/firebase-app.js","app-check":"https://www.gstatic.com/firebasejs/9.9.0/firebase-app-check.js","auth":"https://www.gstatic.com/firebasejs/9.9.0/firebase-auth.js","auth/cordova":"https://www.gstatic.com/firebasejs/9.9.0/firebase-auth/cordova.js","auth/react-native":"https://www.gstatic.com/firebasejs/9.9.0/firebase-auth/react-native.js","functions":"https://www.gstatic.com/firebasejs/9.9.0/firebase-functions.js","firestore":"https://www.gstatic.com/firebasejs/9.9.0/firebase-firestore.js","firestore/lite":"https://www.gstatic.com/firebasejs/9.9.0/firebase-firestore/lite.js","installations":"https://www.gstatic.com/firebasejs/9.9.0/firebase-installations.js","storage":"https://www.gstatic.com/firebasejs/9.9.0/firebase-storage.js","performance":"https://www.gstatic.com/firebasejs/9.9.0/firebase-performance.js","remote-config":"https://www.gstatic.com/firebasejs/9.9.0/firebase-remote-config.js","messaging":"https://www.gstatic.com/firebasejs/9.9.0/firebase-messaging.js","messaging/sw":"https://www.gstatic.com/firebasejs/9.9.0/firebase-messaging/sw.js","database":"https://www.gstatic.com/firebasejs/9.9.0/firebase-database.js","firestore.memory":"https://www.gstatic.com/firebasejs/9.9.0/firebase-firestore.memory.js"}}
[info] +  Wrote public/index.html 
[info] 
[info] i  Detected a .git folder at C:\Users\Gbenga\Desktop\Angular Projects 
[info] i  Authorizing with GitHub to upload your service account to a GitHub repository's secrets store. 
[info] 
[info] Visit this URL on this device to log in:
[info] https://github.com/login/oauth/authorize?client_id=89cf50f02ac6aaed3484&state=263052579&redirect_uri=http%3A%2F%2Flocalhost%3A9005&scope=read%3Auser%20repo%20public_repo
[info] 
[info] Waiting for authentication...
[debug] [2022-07-13T17:02:52.469Z] >>> [apiv2][query] POST https://github.com/login/oauth/access_token [none]
[debug] [2022-07-13T17:02:52.470Z] >>> [apiv2][body] POST https://github.com/login/oauth/access_token [stream]
[debug] [2022-07-13T17:02:52.668Z] <<< [apiv2][status] POST https://github.com/login/oauth/access_token 200
[debug] [2022-07-13T17:02:52.669Z] <<< [apiv2][body] POST https://github.com/login/oauth/access_token {"access_token":"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","token_type":"bearer","scope":"read:user,repo"}
[debug] [2022-07-13T17:02:52.680Z] >>> [apiv2][query] GET https://api.github.com/user [none]
[debug] [2022-07-13T17:02:52.958Z] <<< [apiv2][status] GET https://api.github.com/user 200
[debug] [2022-07-13T17:02:52.958Z] <<< [apiv2][body] GET https://api.github.com/user {"login":"cometbid-project","id":20684020,"node_id":"MDQ6VXNlcjIwNjg0MDIw","avatar_url":"https://avatars.githubusercontent.com/u/20684020?v=4","gravatar_id":"","url":"https://api.github.com/users/cometbid-project","html_url":"https://github.com/cometbid-project","followers_url":"https://api.github.com/users/cometbid-project/followers","following_url":"https://api.github.com/users/cometbid-project/following{/other_user}","gists_url":"https://api.github.com/users/cometbid-project/gists{/gist_id}","starred_url":"https://api.github.com/users/cometbid-project/starred{/owner}{/repo}","subscriptions_url":"https://api.github.com/users/cometbid-project/subscriptions","organizations_url":"https://api.github.com/users/cometbid-project/orgs","repos_url":"https://api.github.com/users/cometbid-project/repos","events_url":"https://api.github.com/users/cometbid-project/events{/privacy}","received_events_url":"https://api.github.com/users/cometbid-project/received_events","type":"User","site_admin":false,"name":"Oluwagbemiga Adebowale","company":"Cometbid Inc.","blog":"www.cometbid.com","location":"Canada","email":null,"hireable":null,"bio":"I am the Team Lead of this project","twitter_username":null,"public_repos":18,"public_gists":0,"followers":1,"following":0,"created_at":"2016-07-27T13:48:11Z","updated_at":"2022-03-13T09:16:02Z","private_gists":0,"total_private_repos":14,"owned_private_repos":14,"disk_usage":127579,"collaborators":2,"two_factor_authentication":false,"plan":{"name":"free","space":976562499,"collaborators":0,"private_repos":10000}}
[info] 
[info] +  Success! Logged into GitHub as cometbid-project 
[info] 
[debug] [2022-07-13T17:03:18.376Z] >>> [apiv2][query] GET https://api.github.com/repos/lemon-mart/actions/secrets/public-key type=owner
[debug] [2022-07-13T17:03:18.524Z] <<< [apiv2][status] GET https://api.github.com/repos/lemon-mart/actions/secrets/public-key 404
[debug] [2022-07-13T17:03:18.524Z] <<< [apiv2][body] GET https://api.github.com/repos/lemon-mart/actions/secrets/public-key {"message":"Not Found","documentation_url":"https://docs.github.com/rest"}
[debug] [2022-07-13T17:03:21.160Z] >>> [apiv2][query] GET https://api.github.com/repos/lemon-mart/actions/secrets/public-key type=owner
[debug] [2022-07-13T17:03:21.266Z] <<< [apiv2][status] GET https://api.github.com/repos/lemon-mart/actions/secrets/public-key 404
[debug] [2022-07-13T17:03:21.266Z] <<< [apiv2][body] GET https://api.github.com/repos/lemon-mart/actions/secrets/public-key {"message":"Not Found","documentation_url":"https://docs.github.com/rest"}
